Log file open, 08/27/18 13:00:08
LogWindows: Failed to load 'aqProf.dll' (GetLastError=126)
LogWindows: File 'aqProf.dll' does not exist
LogWindows: Failed to load 'VtuneApi.dll' (GetLastError=126)
LogWindows: File 'VtuneApi.dll' does not exist
LogWindows: Failed to load 'VtuneApi32e.dll' (GetLastError=126)
LogWindows: File 'VtuneApi32e.dll' does not exist
LogInit: Display: Running engine for game: MyProject2
LogPlatformFile: Not using cached read wrapper
LogTaskGraph: Started task graph with 5 named threads and 23 total threads with 3 sets of task threads.
LogStats: Stats thread started at 0.269677
LogD3D11RHI: Loaded GFSDK_Aftermath_Lib.x64.dll
LogICUInternationalization: Display: ICU TimeZone Detection - Raw Offset: -7:00, Platform Override: ''
LogPluginManager: Mounting plugin Paper2D
LogPluginManager: Mounting plugin AISupport
LogPluginManager: Mounting plugin LightPropagationVolume
LogPluginManager: Mounting plugin CLionSourceCodeAccess
LogPluginManager: Mounting plugin CodeLiteSourceCodeAccess
LogPluginManager: Mounting plugin GitSourceControl
LogPluginManager: Mounting plugin KDevelopSourceCodeAccess
LogPluginManager: Mounting plugin NullSourceCodeAccess
LogPluginManager: Mounting plugin PerforceSourceControl
LogPluginManager: Mounting plugin SubversionSourceControl
LogPluginManager: Mounting plugin UObjectPlugin
LogPluginManager: Mounting plugin VisualStudioCodeSourceCodeAccess
LogPluginManager: Mounting plugin VisualStudioSourceCodeAccess
LogPluginManager: Mounting plugin XCodeSourceCodeAccess
LogPluginManager: Mounting plugin AssetManagerEditor
LogPluginManager: Mounting plugin CryptoKeys
LogPluginManager: Mounting plugin DataValidation
LogPluginManager: Mounting plugin FacialAnimation
LogPluginManager: Mounting plugin GameplayTagsEditor
LogPluginManager: Mounting plugin MacGraphicsSwitching
LogPluginManager: Mounting plugin MeshEditor
LogPluginManager: Mounting plugin MobileLauncherProfileWizard
LogPluginManager: Mounting plugin PluginBrowser
LogPluginManager: Mounting plugin SpeedTreeImporter
LogPluginManager: Mounting plugin DatasmithContent
LogPluginManager: Mounting plugin AlembicImporter
LogPluginManager: Mounting plugin AppleImageUtils
LogPluginManager: Mounting plugin AppleVision
LogPluginManager: Mounting plugin BackChannel
LogPluginManager: Mounting plugin CharacterAI
LogPluginManager: Mounting plugin GeometryCache
LogPluginManager: Mounting plugin HTML5Networking
LogPluginManager: Mounting plugin ProxyLODPlugin
LogPluginManager: Mounting plugin MagicLeap
LogPluginManager: Mounting plugin MagicLeapEmulator
LogPluginManager: Mounting plugin MagicLeapMedia
LogPluginManager: Mounting plugin AndroidMedia
LogPluginManager: Mounting plugin AvfMedia
LogPluginManager: Mounting plugin ImgMedia
LogPluginManager: Mounting plugin LinearTimecode
LogPluginManager: Mounting plugin MediaCompositing
LogPluginManager: Mounting plugin MediaPlayerEditor
LogPluginManager: Mounting plugin WmfMedia
LogPluginManager: Mounting plugin TcpMessaging
LogPluginManager: Mounting plugin UdpMessaging
LogPluginManager: Mounting plugin ActorSequence
LogPluginManager: Mounting plugin LevelSequenceEditor
LogPluginManager: Mounting plugin MatineeToLevelSequence
LogPluginManager: Mounting plugin NetcodeUnitTest
LogPluginManager: Mounting plugin NUTUnrealEngine4
LogPluginManager: Mounting plugin OnlineSubsystemGooglePlay
LogPluginManager: Mounting plugin OnlineSubsystemIOS
LogPluginManager: Mounting plugin OnlineSubsystem
LogPluginManager: Mounting plugin OnlineSubsystemNull
LogPluginManager: Mounting plugin OnlineSubsystemUtils
LogPluginManager: Mounting plugin LauncherChunkInstaller
LogPluginManager: Mounting plugin AndroidDeviceProfileSelector
LogPluginManager: Mounting plugin AndroidMoviePlayer
LogPluginManager: Mounting plugin AndroidPermission
LogPluginManager: Mounting plugin AppleMoviePlayer
LogPluginManager: Mounting plugin ArchVisCharacter
LogPluginManager: Mounting plugin AudioCapture
LogPluginManager: Mounting plugin CableComponent
LogPluginManager: Mounting plugin CustomMeshComponent
LogPluginManager: Mounting plugin EditableMesh
LogPluginManager: Mounting plugin ExampleDeviceProfileSelector
LogPluginManager: Mounting plugin GoogleCloudMessaging
LogPluginManager: Mounting plugin ImmediatePhysics
LogPluginManager: Mounting plugin IOSDeviceProfileSelector
LogPluginManager: Mounting plugin LinuxDeviceProfileSelector
LogPluginManager: Mounting plugin LocationServicesBPLibrary
LogPluginManager: Mounting plugin MobilePatchingUtils
LogPluginManager: Mounting plugin OculusVR
LogPluginManager: Plugin shader directory ../../../Engine/Plugins/Runtime/Oculus/OculusVR/Shaders found
LogPluginManager: Mapping shader source directory ../../../Engine/Plugins/Runtime/Oculus/OculusVR/Shaders to virtual directory /Plugin/OculusVR
LogPluginManager: Mounting plugin PhysXVehicles
LogPluginManager: Mounting plugin ProceduralMeshComponent
LogPluginManager: Mounting plugin RuntimePhysXCooking
LogPluginManager: Mounting plugin SteamVR
LogPluginManager: Mounting plugin WindowsMoviePlayer
LogStreaming: Display: Took  0.089s to configure plugins.
LogInit: Using libcurl 7.55.1-DEV
LogInit:  - built for x86_64-pc-win32
LogInit:  - supports SSL with OpenSSL/1.0.2h
LogInit:  - supports HTTP deflate (compression) using libz 1.2.8
LogInit:  - other features:
LogInit:      CURL_VERSION_SSL
LogInit:      CURL_VERSION_LIBZ
LogInit:      CURL_VERSION_IPV6
LogInit:      CURL_VERSION_ASYNCHDNS
LogInit:      CURL_VERSION_LARGEFILE
LogInit:      CURL_VERSION_IDN
LogInit:  CurlRequestOptions (configurable via config and command line):
LogInit:  - bVerifyPeer = false  - Libcurl will NOT verify peer certificate
LogInit:  - bUseHttpProxy = false  - Libcurl will NOT use HTTP proxy
LogInit:  - bDontReuseConnections = false  - Libcurl will reuse connections
LogInit:  - CertBundlePath = nullptr  - Libcurl will use whatever was configured at build time.
LogInit:  - MaxHostConnections = 16  - Libcurl will limit the number of connections to a host
LogInit:  - LocalHostAddr = Default
LogInit:  - BufferSize = 65536
LogInit: WinSock: version 1.1 (2.2), MaxSocks=32767, MaxUdp=65467
LogInit: Build: ++UE4+Release-4.20-CL-4212847
LogInit: Engine Version: 4.20.2-4212847+++UE4+Release-4.20
LogInit: Compatible Engine Version: 4.20.0-4212847+++UE4+Release-4.20
LogInit: Net CL: 4212847
LogInit: OS: Windows 10 (), CPU: Intel(R) Core(TM) i7-8809G CPU @ 3.10GHz, GPU: Radeon RX Vega M GH Graphics
LogInit: Compiled (64-bit): Jul 14 2018 09:51:14
LogInit: Compiled with Visual C++: 19.13.26129.00
LogInit: Build Configuration: Development
LogInit: Branch Name: ++UE4+Release-4.20
LogInit: Command Line:  
LogInit: Base Directory: C:/Program Files/Epic Games/UE_4.20/Engine/Binaries/Win64/
LogInit: Installed Engine Build: 1
LogDevObjectVersion: Number of dev versions registered: 20
LogDevObjectVersion:   Dev-Blueprints (B0D832E4-1F89-4F0D-ACCF-7EB736FD4AA2): 10
LogDevObjectVersion:   Dev-Build (E1C64328-A22C-4D53-A36C-8E866417BD8C): 0
LogDevObjectVersion:   Dev-Core (375EC13C-06E4-48FB-B500-84F0262A717E): 2
LogDevObjectVersion:   Dev-Editor (E4B068ED-F494-42E9-A231-DA0B2E46BB41): 24
LogDevObjectVersion:   Dev-Framework (CFFC743F-43B0-4480-9391-14DF171D2073): 34
LogDevObjectVersion:   Dev-Mobile (B02B49B5-BB20-44E9-A304-32B752E40360): 2
LogDevObjectVersion:   Dev-Networking (A4E4105C-59A1-49B5-A7C5-40C4547EDFEE): 0
LogDevObjectVersion:   Dev-Online (39C831C9-5AE6-47DC-9A44-9C173E1C8E7C): 0
LogDevObjectVersion:   Dev-Physics (78F01B33-EBEA-4F98-B9B4-84EACCB95AA2): 0
LogDevObjectVersion:   Dev-Platform (6631380F-2D4D-43E0-8009-CF276956A95A): 0
LogDevObjectVersion:   Dev-Rendering (12F88B9F-8875-4AFC-A67C-D90C383ABD29): 26
LogDevObjectVersion:   Dev-Sequencer (7B5AE74C-D270-4C10-A958-57980B212A5A): 9
LogDevObjectVersion:   Dev-VR (D7296918-1DD6-4BDD-9DE2-64A83CC13884): 2
LogDevObjectVersion:   Dev-LoadTimes (C2A15278-BFE7-4AFE-6C17-90FF531DF755): 1
LogDevObjectVersion:   Private-Geometry (6EACA3D4-40EC-4CC1-B786-8BED09428FC5): 3
LogDevObjectVersion:   Dev-AnimPhys (29E575DD-E0A3-4627-9D10-D276232CDCEA): 17
LogDevObjectVersion:   Dev-ReflectionCapture (6B266CEC-1EC7-4B8F-A30B-E4D90942FC07): 1
LogDevObjectVersion:   Dev-Automation (0DF73D61-A23F-47EA-B727-89E90C41499A): 1
LogDevObjectVersion:   FortniteMain (601D1886-AC64-4F84-AA16-D3DE0DEAC7D6): 12
LogDevObjectVersion:   Dev-Enterprise (9DFFBCD6-494F-0158-E221-12823C92A888): 1
LogStreaming: Display: Took  0.000s to delete old logs.
LogInit: Presizing for max 8388607 objects, including 0 objects not considered by GC, pre-allocating 0 bytes for permanent pool.
LogInit: Object subsystem initialized
[2018.08.27-19.00.08:607][  0]LogInit: Selected Device Profile: [Windows]
[2018.08.27-19.00.08:607][  0]LogInit: Applying CVar settings loaded from the selected device profile: [Windows]
[2018.08.27-19.00.08:617][  0]LogHAL: Display: Platform has ~ 16 GB [17095413760 / 17179869184 / 16], which maps to Larger [LargestMinGB=32, LargerMinGB=12, DefaultMinGB=8, SmallerMinGB=6, SmallestMinGB=0)
[2018.08.27-19.00.08:617][  0]LogInit: Setting Device Profile CVar: [[r.Vulkan.UseRealUBs:1]]
[2018.08.27-19.00.08:618][  0]LogInit: Going up to parent DeviceProfile []
[2018.08.27-19.00.08:618][  0]LogInit: Computer: eae-n-032
[2018.08.27-19.00.08:618][  0]LogInit: User: u1020459
[2018.08.27-19.00.08:618][  0]LogInit: CPU Page size=4096, Cores=4
[2018.08.27-19.00.08:618][  0]LogInit: High frequency timer resolution =3.023436 MHz
[2018.08.27-19.00.08:618][  0]LogMemory: Memory total: Physical=15.9GB (16GB approx)
[2018.08.27-19.00.08:618][  0]LogMemory: Platform Memory Stats for Windows
[2018.08.27-19.00.08:618][  0]LogMemory: Process Physical Memory: 100.05 MB used, 100.05 MB peak
[2018.08.27-19.00.08:618][  0]LogMemory: Process Virtual Memory: 91.09 MB used, 91.09 MB peak
[2018.08.27-19.00.08:618][  0]LogMemory: Physical Memory: 4230.12 MB used,  12073.34 MB free, 16303.46 MB total
[2018.08.27-19.00.08:618][  0]LogMemory: Virtual Memory: 4640.45 MB used,  12073.34 MB free, 134217728.00 MB total
[2018.08.27-19.00.08:633][  0]LogInit: Using OS detected language (en-US).
[2018.08.27-19.00.08:633][  0]LogInit: Using OS detected locale (en-US).
[2018.08.27-19.00.08:634][  0]LogTextLocalizationManager: No specific localization for 'en-US' exists, so the 'en' localization will be used.
[2018.08.27-19.00.08:939][  0]LogStreaming: Display: Took  0.306s to InitEngineTextLocalization.
[2018.08.27-19.00.08:939][  0]LogInit: Setting process to per monitor DPI aware
[2018.08.27-19.00.08:971][  0]LogSlate: New Slate User Created.  User Index 0, Is Virtual User: 0
[2018.08.27-19.00.08:971][  0]LogSlate: Slate User Registered.  User Index 0, Is Virtual User: 0
[2018.08.27-19.00.09:146][  0]LogHMD: Failed to initialize OpenVR with code 110
[2018.08.27-19.00.09:146][  0]LogD3D11RHI: D3D11 adapters:
[2018.08.27-19.00.09:182][  0]LogD3D11RHI:    0. 'Radeon RX Vega M GH Graphics' (Feature Level 11_0)
[2018.08.27-19.00.09:182][  0]LogD3D11RHI:       4042/0/8151 MB DedicatedVideo/DedicatedSystem/SharedSystem, Outputs:1, VendorId:0x1002
[2018.08.27-19.00.09:205][  0]LogD3D11RHI:    1. 'Intel(R) HD Graphics 630' (Feature Level 11_0)
[2018.08.27-19.00.09:205][  0]LogD3D11RHI:       128/0/8151 MB DedicatedVideo/DedicatedSystem/SharedSystem, Outputs:0, VendorId:0x8086
[2018.08.27-19.00.09:207][  0]LogD3D11RHI:    2. 'Microsoft Basic Render Driver' (Feature Level 11_0)
[2018.08.27-19.00.09:207][  0]LogD3D11RHI:       0/0/8151 MB DedicatedVideo/DedicatedSystem/SharedSystem, Outputs:0, VendorId:0x1414
[2018.08.27-19.00.09:207][  0]LogD3D11RHI: Chosen D3D11 Adapter: 0
[2018.08.27-19.00.09:215][  0]LogD3D11RHI: Creating new Direct3DDevice
[2018.08.27-19.00.09:215][  0]LogD3D11RHI:     GPU DeviceId: 0x694c (for the marketing name, search the web for "GPU Device Id")
[2018.08.27-19.00.09:215][  0]LogWindows: EnumDisplayDevices:
[2018.08.27-19.00.09:215][  0]LogWindows:    0. 'Radeon RX Vega M GH Graphics' (P:1 D:1)
[2018.08.27-19.00.09:216][  0]LogWindows:    1. 'Radeon RX Vega M GH Graphics' (P:0 D:0)
[2018.08.27-19.00.09:216][  0]LogWindows:    2. 'Radeon RX Vega M GH Graphics' (P:0 D:0)
[2018.08.27-19.00.09:216][  0]LogWindows:    3. 'Radeon RX Vega M GH Graphics' (P:0 D:0)
[2018.08.27-19.00.09:217][  0]LogWindows:    4. 'Radeon RX Vega M GH Graphics' (P:0 D:0)
[2018.08.27-19.00.09:217][  0]LogWindows:    5. 'Radeon RX Vega M GH Graphics' (P:0 D:0)
[2018.08.27-19.00.09:217][  0]LogWindows:    6. 'Radeon RX Vega M GH Graphics' (P:0 D:0)
[2018.08.27-19.00.09:218][  0]LogWindows:    7. 'Radeon RX Vega M GH Graphics' (P:0 D:0)
[2018.08.27-19.00.09:218][  0]LogWindows:    8. 'Radeon RX Vega M GH Graphics' (P:0 D:0)
[2018.08.27-19.00.09:218][  0]LogWindows:    9. 'Radeon RX Vega M GH Graphics' (P:0 D:0)
[2018.08.27-19.00.09:219][  0]LogWindows:    10. 'Radeon RX Vega M GH Graphics' (P:0 D:0)
[2018.08.27-19.00.09:219][  0]LogWindows:    11. 'Radeon RX Vega M GH Graphics' (P:0 D:0)
[2018.08.27-19.00.09:219][  0]LogWindows:    12. 'Radeon RX Vega M GH Graphics' (P:0 D:0)
[2018.08.27-19.00.09:220][  0]LogWindows:    13. 'Radeon RX Vega M GH Graphics' (P:0 D:0)
[2018.08.27-19.00.09:220][  0]LogWindows:    14. 'Radeon RX Vega M GH Graphics' (P:0 D:0)
[2018.08.27-19.00.09:220][  0]LogWindows:    15. 'Radeon RX Vega M GH Graphics' (P:0 D:0)
[2018.08.27-19.00.09:220][  0]LogWindows:    16. 'Intel(R) HD Graphics 630' (P:0 D:0)
[2018.08.27-19.00.09:221][  0]LogWindows:    17. 'Intel(R) HD Graphics 630' (P:0 D:0)
[2018.08.27-19.00.09:221][  0]LogWindows: DebugString: PrimaryIsNotTheChoosenAdapter PrimaryIsNotTheChoosenAdapter FoundDriverCount:16 
[2018.08.27-19.00.09:221][  0]LogD3D11RHI:     Adapter Name: Radeon RX Vega M GH Graphics
[2018.08.27-19.00.09:221][  0]LogD3D11RHI:   Driver Version: Adrenalin 18.5.1 (internal:24.20.11016.4, unified:24.20.11016.4)
[2018.08.27-19.00.09:221][  0]LogD3D11RHI:      Driver Date: 5-16-2018
[2018.08.27-19.00.09:221][  0]LogRHI: Texture pool is 2829 MB (70% of 4042 MB)
[2018.08.27-19.00.09:402][  0]LogD3D11RHI: Async texture creation enabled
[2018.08.27-19.00.09:412][  0]LogD3D11RHI: GPU Timing Frequency: 25.000000 (Debug: 2 1)
[2018.08.27-19.00.09:413][  0]LogShaderCompilers: Guid format shader working directory is -21 characters bigger than the processId version (../../../../../../Users/u1020459/Documents/Unreal Projects/MyProject2/Intermediate/Shaders/WorkingDirectory/12256/).
[2018.08.27-19.00.09:413][  0]LogShaderCompilers: Cleaned the shader compiler working directory 'C:/Users/u1020459/AppData/Local/Temp/UnrealShaderWorkingDir/207CD89F46A95E8103E1A0B432FFA668/'.
[2018.08.27-19.00.09:639][  0]LogTemp: Display: Loaded TP AllDesktopTargetPlatform
[2018.08.27-19.00.09:651][  0]LogTemp: Display: Loaded TP MacClientTargetPlatform
[2018.08.27-19.00.09:664][  0]LogTemp: Display: Loaded TP MacNoEditorTargetPlatform
[2018.08.27-19.00.09:675][  0]LogTemp: Display: Loaded TP MacServerTargetPlatform
[2018.08.27-19.00.09:688][  0]LogTemp: Display: Loaded TP MacTargetPlatform
[2018.08.27-19.00.09:700][  0]LogTemp: Display: Loaded TP WindowsClientTargetPlatform
[2018.08.27-19.00.09:711][  0]LogTemp: Display: Loaded TP WindowsNoEditorTargetPlatform
[2018.08.27-19.00.09:723][  0]LogTemp: Display: Loaded TP WindowsServerTargetPlatform
[2018.08.27-19.00.09:729][  0]LogTemp: Display: Loaded TP WindowsTargetPlatform
[2018.08.27-19.00.09:794][  0]LogTemp: Display: Loaded TP AndroidTargetPlatform
[2018.08.27-19.00.09:794][  0]LogTemp: Display: Loaded TP AndroidTargetPlatform
[2018.08.27-19.00.09:794][  0]LogTemp: Display: Loaded TP AndroidTargetPlatform
[2018.08.27-19.00.09:794][  0]LogTemp: Display: Loaded TP AndroidTargetPlatform
[2018.08.27-19.00.09:794][  0]LogTemp: Display: Loaded TP AndroidTargetPlatform
[2018.08.27-19.00.09:794][  0]LogTemp: Display: Loaded TP AndroidTargetPlatform
[2018.08.27-19.00.09:794][  0]LogTemp: Display: Loaded TP AndroidTargetPlatform
[2018.08.27-19.00.09:794][  0]LogTemp: Display: Loaded TP AndroidTargetPlatform
[2018.08.27-19.00.09:794][  0]LogTemp: Display: Loaded TP AndroidTargetPlatform
[2018.08.27-19.00.09:794][  0]LogTemp: Display: Loaded TP AndroidTargetPlatform
[2018.08.27-19.00.09:794][  0]LogTemp: Display: Loaded TP AndroidTargetPlatform
[2018.08.27-19.00.09:794][  0]LogTemp: Display: Loaded TP AndroidTargetPlatform
[2018.08.27-19.00.09:794][  0]LogTemp: Display: Loaded TP AndroidTargetPlatform
[2018.08.27-19.00.09:794][  0]LogTemp: Display: Loaded TP AndroidTargetPlatform
[2018.08.27-19.00.09:794][  0]LogTemp: Display: Loaded TP AndroidTargetPlatform
[2018.08.27-19.00.09:794][  0]LogTemp: Display: Loaded TP AndroidTargetPlatform
[2018.08.27-19.00.09:794][  0]LogTemp: Display: Loaded TP AndroidTargetPlatform
[2018.08.27-19.00.09:794][  0]LogTemp: Display: Loaded TP AndroidTargetPlatform
[2018.08.27-19.00.09:796][  0]LogTemp: Display: Loaded TP HTML5TargetPlatform
[2018.08.27-19.00.09:851][  0]LogTemp: Display: Loaded TP IOSTargetPlatform
[2018.08.27-19.00.09:851][  0]LogTemp: Display: Loaded TP IOSTargetPlatform
[2018.08.27-19.00.09:872][  0]LogTemp: Display: Loaded TP TVOSTargetPlatform
[2018.08.27-19.00.09:872][  0]LogTemp: Display: Loaded TP TVOSTargetPlatform
[2018.08.27-19.00.09:883][  0]LogTemp: Display: Loaded TP LinuxClientTargetPlatform
[2018.08.27-19.00.09:893][  0]LogTemp: Display: Loaded TP LinuxNoEditorTargetPlatform
[2018.08.27-19.00.09:903][  0]LogTemp: Display: Loaded TP LinuxServerTargetPlatform
[2018.08.27-19.00.09:913][  0]LogTemp: Display: Loaded TP LinuxTargetPlatform
[2018.08.27-19.00.09:921][  0]LogTemp: Display: Loaded TP LuminTargetPlatform
[2018.08.27-19.00.09:921][  0]LogTargetPlatformManager: Display: Building Assets For Windows
[2018.08.27-19.00.09:976][  0]LogXGEController: Cleaning working directory: C:/Users/u1020459/AppData/Local/Temp/UnrealXGEWorkingDir/
[2018.08.27-19.00.09:977][  0]LogXGEController: Cannot use XGE Controller as Incredibuild is not installed on this machine.
[2018.08.27-19.00.09:977][  0]LogShaderCompilers: Cannot use XGE Shader Compiler as Incredibuild is not installed on this machine.
[2018.08.27-19.00.09:977][  0]LogShaderCompilers: Display: Using Local Shader Compiler.
[2018.08.27-19.00.10:594][  0]LogDerivedDataCache: Display: Max Cache Size: 512 MB
[2018.08.27-19.00.10:647][  0]LogDerivedDataCache: Loaded boot cache 0.05s 71MB C:/Users/u1020459/AppData/Local/UnrealEngine/4.20/DerivedDataCache/Boot.ddc.
[2018.08.27-19.00.10:647][  0]LogDerivedDataCache: Display: Loaded Boot cache: C:/Users/u1020459/AppData/Local/UnrealEngine/4.20/DerivedDataCache/Boot.ddc
[2018.08.27-19.00.10:647][  0]LogDerivedDataCache: FDerivedDataBackendGraph:  Pak pak cache file ../../../../../../Users/u1020459/Documents/Unreal Projects/MyProject2/DerivedDataCache/DDC.ddp not found, will not use a pak cache.
[2018.08.27-19.00.10:647][  0]LogDerivedDataCache: Unable to find inner node Pak for hierarchical cache Hierarchy.
[2018.08.27-19.00.10:647][  0]LogDerivedDataCache: FDerivedDataBackendGraph:  CompressedPak pak cache file ../../../../../../Users/u1020459/Documents/Unreal Projects/MyProject2/DerivedDataCache/Compressed.ddp not found, will not use a pak cache.
[2018.08.27-19.00.10:647][  0]LogDerivedDataCache: Unable to find inner node CompressedPak for hierarchical cache Hierarchy.
[2018.08.27-19.00.10:659][  0]LogDerivedDataCache: Display: Pak cache opened for reading ../../../Engine/DerivedDataCache/Compressed.ddp.
[2018.08.27-19.00.10:671][  0]LogDerivedDataCache: Using Local data cache path C:/Users/u1020459/AppData/Local/UnrealEngine/Common/DerivedDataCache: Writable
[2018.08.27-19.00.10:671][  0]LogDerivedDataCache: Shared data cache path not found in *engine.ini, will not use an Shared cache.
[2018.08.27-19.00.10:671][  0]LogDerivedDataCache: Unable to find inner node Shared for hierarchical cache Hierarchy.
[2018.08.27-19.00.10:689][  0]LogMaterial: Verifying Global Shaders for PCD3D_SM5
[2018.08.27-19.00.10:691][  0]LogSlate: Using FreeType 2.6.0
[2018.08.27-19.00.10:691][  0]LogSlate: SlateFontServices - WITH_FREETYPE: 1, WITH_HARFBUZZ: 1
[2018.08.27-19.00.10:758][  0]LogAssetRegistry: FAssetRegistry took 0.0252 seconds to start up
[2018.08.27-19.00.11:028][  0]LogInit: Selected Device Profile: [Windows]
[2018.08.27-19.00.11:139][  0]LogSimplygon: Simplygon DLL not present - disabling.
[2018.08.27-19.00.11:142][  0]LogMeshReduction: Using SimplygonSwarm for distributed automatic mesh merging
[2018.08.27-19.00.11:142][  0]LogMeshReduction: Using ProxyLODMeshReduction for automatic mesh merging
[2018.08.27-19.00.11:142][  0]LogMeshReduction: Using QuadricMeshReduction for automatic static mesh reduction
[2018.08.27-19.00.11:142][  0]LogMeshReduction: No automatic skeletal mesh reduction module available
[2018.08.27-19.00.11:160][  0]LogNetVersion: MyProject2 1.0.0, NetCL: 4212847, EngineNetVer: 5, GameNetVer: 0 (Checksum: 1482868377)
[2018.08.27-19.00.11:604][  0]LogPackageLocalizationCache: Processed 11 localized package path(s) for 2 prioritized culture(s) in 0.090103 seconds
[2018.08.27-19.00.11:609][  0]LogUObjectArray: 38425 objects as part of root set at end of initial load.
[2018.08.27-19.00.11:609][  0]LogUObjectAllocator: 6690872 out of 0 bytes used by permanent object pool.
[2018.08.27-19.00.11:609][  0]LogUObjectArray: CloseDisregardForGC: 0/0 objects in disregard for GC pool
[2018.08.27-19.00.12:334][  0]LogTcpMessaging: Initializing TcpMessaging bridge
[2018.08.27-19.00.12:347][  0]LogUdpMessaging: Initializing bridge on interface 0.0.0.0:0 to multicast group 230.0.0.1:6666.
[2018.08.27-19.00.12:476][  0]SourceControl: Source control is disabled
[2018.08.27-19.00.12:476][  0]SourceControl: Source control is disabled
[2018.08.27-19.00.12:477][  0]SourceControl: Source control is disabled
[2018.08.27-19.00.12:478][  0]SourceControl: Source control is disabled
[2018.08.27-19.00.12:631][  0]LogAndroidPermission: UAndroidPermissionCallbackProxy::GetInstance
[2018.08.27-19.00.12:697][  0]LogOcInput: OculusInput pre-init called
[2018.08.27-19.00.12:750][  0]LogEngine: Initializing Engine...
[2018.08.27-19.00.12:751][  0]LogHMD: Failed to initialize OpenVR with code 110
[2018.08.27-19.00.12:751][  0]LogStats: UGameplayTagsManager::ConstructGameplayTagTree: ImportINI prefixes -  0.000 s
[2018.08.27-19.00.12:752][  0]LogStats: UGameplayTagsManager::ConstructGameplayTagTree: Construct from data asset -  0.000 s
[2018.08.27-19.00.12:752][  0]LogStats: UGameplayTagsManager::ConstructGameplayTagTree: ImportINI -  0.000 s
[2018.08.27-19.00.12:752][  0]LogStats: UGameplayTagsManager::ConstructGameplayTagTree: GameplayTagTreeChangedEvent.Broadcast -  0.000 s
[2018.08.27-19.00.12:929][  0]LogInit: Initializing FReadOnlyCVARCache
[2018.08.27-19.00.12:942][  0]LogAIModule: Creating AISystem for world Untitled
[2018.08.27-19.00.12:964][  0]LogInit: XAudio2 using '5 - DELL UZ2315H (AMD High Definition Audio Device)' : 2 channels at 48 kHz using 16 bits per sample (channel mask 0x3)
[2018.08.27-19.00.12:989][  0]LogInit: FAudioDevice initialized.
[2018.08.27-19.00.12:989][  0]LogNetVersion: Set ProjectVersion to 1.0.0.0. Version Checksum will be recalculated on next use.
[2018.08.27-19.00.13:066][  0]LogDerivedDataCache: Saved boot cache 0.08s 71MB C:/Users/u1020459/AppData/Local/UnrealEngine/4.20/DerivedDataCache/Boot.ddc.
[2018.08.27-19.00.13:068][  0]LogInit: Texture streaming: Enabled
[2018.08.27-19.00.13:083][  0]LogEngineSessionManager: EngineSessionManager initialized
[2018.08.27-19.00.13:095][  0]LogInit: Transaction tracking system initialized
[2018.08.27-19.00.13:115][  0]BlueprintLog: New page: Editor Load
[2018.08.27-19.00.13:214][  0]LocalizationService: Localization service is disabled
[2018.08.27-19.00.13:437][  0]LogCook: Display: Max memory allowance for cook 16384mb min free memory 0mb
[2018.08.27-19.00.13:437][  0]LogCook: Display: Mobile HDR setting 1
[2018.08.27-19.00.13:437][  0]LogGameplayTags: Display: UGameplayTagsManager::DoneAddingNativeTags. DelegateIsBound: 0
[2018.08.27-19.00.13:437][  0]LogStats: UGameplayTagsManager::ConstructGameplayTagTree: ImportINI prefixes -  0.000 s
[2018.08.27-19.00.13:437][  0]LogStats: UGameplayTagsManager::ConstructGameplayTagTree: Construct from data asset -  0.000 s
[2018.08.27-19.00.13:437][  0]LogStats: UGameplayTagsManager::ConstructGameplayTagTree: ImportINI -  0.000 s
[2018.08.27-19.00.13:437][  0]LogStats: UGameplayTagsManager::ConstructGameplayTagTree: GameplayTagTreeChangedEvent.Broadcast -  0.000 s
[2018.08.27-19.00.13:549][  0]LogFileCache: Scanning file cache for directory 'C:/Users/u1020459/Documents/Unreal Projects/MyProject2/Content/' took 0.01s
[2018.08.27-19.00.13:549][  0]SourceControl: Source control is disabled
[2018.08.27-19.00.13:549][  0]Cmd: MAP LOAD FILE="../../../../../../Users/u1020459/Documents/Unreal Projects/MyProject2/Content/ThirdPersonBP/Maps/ThirdPersonExampleMap.umap" TEMPLATE=0 SHOWPROGRESS=1 FEATURELEVEL=3
[2018.08.27-19.00.13:549][  0]LightingResults: New page: Lighting Build
[2018.08.27-19.00.13:552][  0]MapCheck: New page: Map Check
[2018.08.27-19.00.13:552][  0]LightingResults: New page: Lighting Build
[2018.08.27-19.00.13:900][  0]LogAIModule: Creating AISystem for world ThirdPersonExampleMap
[2018.08.27-19.00.13:909][  0]LogEditorServer: Finished looking for orphan Actors (0.000 secs)
[2018.08.27-19.00.13:932][  0]Cmd: MAP CHECKDEP NOCLEARLOG
[2018.08.27-19.00.13:996][  0]MapCheck: Map check complete: 0 Error(s), 0 Warning(s), took 63.839ms to complete.
[2018.08.27-19.00.13:996][  0]LogFileHelpers: Loading map 'ThirdPersonExampleMap' took 0.447
[2018.08.27-19.00.14:092][  0]LogSlate: Updating window title bar state: overlay mode, drag disabled, window buttons hidden, title bar hidden
[2018.08.27-19.00.14:099][  0]LogSlate: Updating window title bar state: overlay mode, drag disabled, window buttons hidden, title bar hidden
[2018.08.27-19.00.14:106][  0]LogSlate: Updating window title bar state: overlay mode, drag disabled, window buttons hidden, title bar hidden
[2018.08.27-19.00.14:113][  0]LogSlate: Updating window title bar state: overlay mode, drag disabled, window buttons hidden, title bar hidden
[2018.08.27-19.00.14:120][  0]LogCollectionManager: Loaded 0 collections in 0.002274 seconds
[2018.08.27-19.00.14:162][  0]LogFileCache: Scanning file cache for directory 'C:/Users/u1020459/Documents/Unreal Projects/MyProject2/Saved/Collections/' took 0.01s
[2018.08.27-19.00.14:162][  0]LogFileCache: Scanning file cache for directory 'C:/Users/u1020459/Documents/Unreal Projects/MyProject2/Content/Developers/u1020459/Collections/' took 0.01s
[2018.08.27-19.00.14:162][  0]LogFileCache: Scanning file cache for directory 'C:/Users/u1020459/Documents/Unreal Projects/MyProject2/Content/Collections/' took 0.01s
[2018.08.27-19.00.14:162][  0]LogCollectionManager: Rebuilt the GUID cache for 0 collections in 0.000000 seconds
[2018.08.27-19.00.14:170][  0]LogContentBrowser: Native class hierarchy populated in 0.0080 seconds. Added 2572 classes and 603 folders.
[2018.08.27-19.00.14:176][  0]LogContentBrowser: Native class hierarchy updated for 'WidgetCarousel' in 0.0002 seconds. Added 0 classes and 0 folders.
[2018.08.27-19.00.14:214][  0]LogContentBrowser: Native class hierarchy updated for 'AddContentDialog' in 0.0002 seconds. Added 0 classes and 0 folders.
[2018.08.27-19.00.14:219][  0]LogContentBrowser: Native class hierarchy updated for 'SceneOutliner' in 0.0002 seconds. Added 1 classes and 2 folders.
[2018.08.27-19.00.14:244][  0]LogSlate: Took 0.000256 seconds to synchronously load lazily loaded font '../../../Engine/Content/Slate/Fonts/Roboto-Regular.ttf' (155K)
[2018.08.27-19.00.14:246][  0]LogSlate: Took 0.000123 seconds to synchronously load lazily loaded font '../../../Engine/Content/Slate/Fonts/Roboto-Bold.ttf' (160K)
[2018.08.27-19.00.14:250][  0]LogSlate: Took 0.000163 seconds to synchronously load lazily loaded font '../../../Engine/Content/Editor/Slate/Fonts/FontAwesome.ttf' (139K)
[2018.08.27-19.00.14:316][  0]LogRenderer: Reallocating scene render targets to support 1208x576 Format 10 NumSamples 1 (Frame:1).
[2018.08.27-19.00.14:451][  0]LogSlate: FSceneViewport::OnFocusLost() reason 2
[2018.08.27-19.00.14:461][  0]LogSlate: Window 'Tutorials' being destroyed
[2018.08.27-19.00.14:490][  0]LogContentBrowser: Native class hierarchy updated for 'HierarchicalLODOutliner' in 0.0003 seconds. Added 0 classes and 0 folders.
[2018.08.27-19.00.14:490][  0]LogLoad: (Engine Initialization) Total time: 7.45 seconds
[2018.08.27-19.00.14:490][  0]LogLoad: (Engine Initialization) Total Blueprint compile time: 0.00 seconds
[2018.08.27-19.00.14:527][  0]LogContentStreaming: Texture pool size now 1000 MB
[2018.08.27-19.00.14:549][  0]LogSlate: Took 0.000138 seconds to synchronously load lazily loaded font '../../../Engine/Content/Slate/Fonts/Roboto-Light.ttf' (167K)
[2018.08.27-19.00.14:571][  1]LogAssetRegistry: Asset discovery search completed in 3.8355 seconds
[2018.08.27-19.00.14:573][  1]LogCollectionManager: Rebuilt the object cache for 0 collections in 0.000000 seconds (found 0 objects)
[2018.08.27-19.00.14:573][  1]LogCollectionManager: Fixed up redirectors for 0 collections in 0.000046 seconds (updated 0 objects)
[2018.08.27-19.00.20:092][532]LogSlate: FSceneViewport::OnFocusLost() reason 0
[2018.08.27-19.00.24:330][ 37]LogEditorViewport: Clicking Background
[2018.08.27-19.00.25:096][128]LogEditorViewport: Clicking on Actor (LMB): Brush (corner)
[2018.08.27-19.00.27:615][427]LogSlate: FSceneViewport::OnFocusLost() reason 0
[2018.08.27-19.00.46:492][971]LogSlate: Window 'Message' being destroyed
[2018.08.27-19.00.47:403][ 78]LogEditorViewport: Clicking on Actor (LMB): BP_Sky_Sphere_C (SkySphereBlueprint)
[2018.08.27-19.01.04:423][102]LogSlate: FSceneViewport::OnFocusLost() reason 0
[2018.08.27-19.01.04:498][111]LogGeometryMode: Warning: Unable to find 1 Edge(s) in new BSP
[2018.08.27-19.01.04:498][111]LogGeometryMode: Warning: Unable to resolve streetSquarBlock3 Brush in new BSP, see above
[2018.08.27-19.01.04:498][111]LogGeometryMode: Warning: Unable to find all previously selected geometry data, resetting selection
[2018.08.27-19.01.06:943][403]Cmd: TRANSACTION UNDO
[2018.08.27-19.01.06:943][403]LogEditorTransaction: Undo Modifier [Split]
[2018.08.27-19.01.06:969][403]LogSlate: Took 0.000186 seconds to synchronously load lazily loaded font '../../../Engine/Content/Slate/Fonts/Roboto-Light.ttf' (167K)
[2018.08.27-19.01.14:264][269]Cmd: TRANSACTION UNDO
[2018.08.27-19.01.14:264][269]LogEditorTransaction: Undo Move Actors
[2018.08.27-19.01.14:270][269]LogGeometryMode: Warning: Unable to find 1 Edge(s) in new BSP
[2018.08.27-19.01.14:270][269]LogGeometryMode: Warning: Unable to resolve streetSquarBlock3 Brush in new BSP, see above
[2018.08.27-19.01.14:270][269]LogGeometryMode: Warning: Unable to find all previously selected geometry data, resetting selection
[2018.08.27-19.01.15:359][384]LogEditorViewport: Clicking on Actor (LMB): BP_Sky_Sphere_C (SkySphereBlueprint)
[2018.08.27-19.01.19:273][844]LogSlate: FSceneViewport::OnFocusLost() reason 0
[2018.08.27-19.01.21:213][ 72]Cmd: TRANSACTION UNDO
[2018.08.27-19.01.21:213][ 72]LogEditorTransaction: Undo Move Actors
[2018.08.27-19.01.21:830][140]Cmd: TRANSACTION UNDO
[2018.08.27-19.01.21:830][140]LogEditorTransaction: Undo Select Brush Surface
[2018.08.27-19.01.22:356][199]Cmd: TRANSACTION UNDO
[2018.08.27-19.01.22:356][199]LogEditorTransaction: Undo Clicking on Actors
[2018.08.27-19.01.23:635][348]Cmd: TRANSACTION UNDO
[2018.08.27-19.01.23:635][348]LogEditorTransaction: Undo Modifier [Edit]
[2018.08.27-19.01.24:044][393]Cmd: TRANSACTION UNDO
[2018.08.27-19.01.24:044][393]LogEditorTransaction: Undo Modifier [Edit]
[2018.08.27-19.01.24:441][437]Cmd: TRANSACTION UNDO
[2018.08.27-19.01.24:441][437]LogEditorTransaction: Undo Select Brush Surface
[2018.08.27-19.01.24:824][479]Cmd: TRANSACTION UNDO
[2018.08.27-19.01.24:824][479]LogEditorTransaction: Undo Modifier [Edit]
[2018.08.27-19.01.25:232][524]Cmd: TRANSACTION UNDO
[2018.08.27-19.01.25:232][524]LogEditorTransaction: Undo Modifier [Brush Clip]
[2018.08.27-19.01.25:633][568]Cmd: TRANSACTION UNDO
[2018.08.27-19.01.25:633][568]LogEditorTransaction: Undo Select Brush Surface
[2018.08.27-19.01.26:156][627]Cmd: TRANSACTION UNDO
[2018.08.27-19.01.26:156][627]LogEditorTransaction: Undo Clicking on Actors
[2018.08.27-19.01.26:678][686]Cmd: TRANSACTION UNDO
[2018.08.27-19.01.26:678][686]LogEditorTransaction: Undo Modifier [Brush Clip]
[2018.08.27-19.01.26:684][686]LogActorComponent: ~FComponentReregisterContext: (/Game/ThirdPersonBP/Maps/ThirdPersonExampleMap.ThirdPersonExampleMap:PersistentLevel.streetSquarBlock3.BrushComponent0) Component already registered.
[2018.08.27-19.01.27:290][755]Cmd: TRANSACTION UNDO
[2018.08.27-19.01.27:290][755]LogEditorTransaction: Undo Modifier [Flip]
[2018.08.27-19.01.27:297][755]LogActorComponent: ~FComponentReregisterContext: (/Game/ThirdPersonBP/Maps/ThirdPersonExampleMap.ThirdPersonExampleMap:PersistentLevel.streetSquarBlock3.BrushComponent0) Component already registered.
[2018.08.27-19.01.29:079][963]LogSlate: FSceneViewport::OnFocusLost() reason 0
[2018.08.27-19.01.48:126][234]LogEditorViewport: Clicking on Actor (LMB): BP_Sky_Sphere_C (SkySphereBlueprint)
[2018.08.27-19.01.49:746][420]LogEditorViewport: Clicking on Actor (LMB): BP_Sky_Sphere_C (SkySphereBlueprint)
[2018.08.27-19.01.55:271][ 69]Cmd: TRANSACTION UNDO
[2018.08.27-19.01.55:271][ 69]LogEditorTransaction: Undo Move Actors
[2018.08.27-19.01.59:426][560]LogSlate: FSceneViewport::OnFocusLost() reason 0
[2018.08.27-19.02.07:475][799]LogSlate: Window 'Message' being destroyed
[2018.08.27-19.02.13:602][528]LogEditorViewport: Clicking on Actor (LMB): Brush (corner)
[2018.08.27-19.02.16:815][908]LogEditorViewport: Clicking Background
[2018.08.27-19.02.18:278][ 83]LogEditorViewport: Clicking Background
[2018.08.27-19.02.19:540][234]LogEditorViewport: Clicking on Actor (LMB): Brush (corner)
[2018.08.27-19.02.21:260][437]LogSlate: FSceneViewport::OnFocusLost() reason 0
[2018.08.27-19.02.22:070][533]LogEditorViewport: Clicking Background
[2018.08.27-19.02.22:700][608]LogEditorViewport: Clicking Background
[2018.08.27-19.02.23:162][663]LogEditorViewport: Clicking on Actor (LMB): Brush (corner)
[2018.08.27-19.02.25:165][900]LogSlate: FSceneViewport::OnFocusLost() reason 0
[2018.08.27-19.02.33:719][918]LogSlate: FSceneViewport::OnFocusLost() reason 0
[2018.08.27-19.03.10:882][364]LogEditorViewport: Clicking Background
[2018.08.27-19.03.11:421][428]LogEditorViewport: Clicking on Actor (LMB): Brush (corner)
[2018.08.27-19.03.17:413][134]Cmd: TRANSACTION UNDO
[2018.08.27-19.03.17:413][134]LogEditorTransaction: Undo Move Actors
[2018.08.27-19.03.17:418][134]LogActorComponent: ~FComponentReregisterContext: (/Game/ThirdPersonBP/Maps/ThirdPersonExampleMap.ThirdPersonExampleMap:PersistentLevel.streetSquarBlock2.BrushComponent0) Component already registered.
[2018.08.27-19.03.17:420][134]LogActorComponent: RegisterComponentWithWorld: (/Game/ThirdPersonBP/Maps/ThirdPersonExampleMap.ThirdPersonExampleMap:PersistentLevel.corner_0.BrushComponent0) Trying to register component with IsPendingKill() == true. Aborting.
[2018.08.27-19.03.18:773][292]Cmd: TRANSACTION UNDO
[2018.08.27-19.03.18:773][292]LogEditorTransaction: Undo Move Actors
[2018.08.27-19.03.18:777][292]LogActorComponent: ~FComponentReregisterContext: (/Game/ThirdPersonBP/Maps/ThirdPersonExampleMap.ThirdPersonExampleMap:PersistentLevel.streetSquarBlock3.BrushComponent0) Component already registered.
[2018.08.27-19.03.23:713][879]LogEditorViewport: Clicking on Actor (LMB): Brush (corner)
[2018.08.27-19.03.34:378][154]Cmd: TRANSACTION UNDO
[2018.08.27-19.03.34:378][154]LogEditorTransaction: Undo Clicking on Actors
[2018.08.27-19.03.35:281][261]Cmd: TRANSACTION UNDO
[2018.08.27-19.03.35:281][261]LogEditorTransaction: Undo Marquee Select
[2018.08.27-19.03.37:182][486]LogSlate: FSceneViewport::OnFocusLost() reason 2
[2018.08.27-19.03.38:447][486]LogSlate: Window 'Message' being destroyed
[2018.08.27-19.03.39:854][654]LogEditorViewport: Clicking on Actor (LMB): Brush (corner)
[2018.08.27-19.03.46:045][392]LogEditorViewport: Clicking Background
[2018.08.27-19.03.46:407][435]LogEditorViewport: Clicking Background
[2018.08.27-19.03.46:837][486]Cmd: TRANSACTION UNDO
[2018.08.27-19.03.46:837][486]LogEditorTransaction: Undo Clicking Background
[2018.08.27-19.03.48:064][632]LogEditorViewport: Clicking Background
[2018.08.27-19.03.51:293][ 19]LogEditorViewport: Clicking on Actor (LMB): Brush (corner)
[2018.08.27-19.03.54:061][347]Cmd: DELETE
[2018.08.27-19.03.54:061][347]LogGeometryMode: Warning: Unable to find 10 Vertex(s) in new BSP
[2018.08.27-19.03.54:061][347]LogGeometryMode: Warning: Unable to resolve corner Brush in new BSP, see above
[2018.08.27-19.03.54:061][347]LogGeometryMode: Warning: Unable to find all previously selected geometry data, resetting selection
[2018.08.27-19.03.55:018][460]Cmd: TRANSACTION UNDO
[2018.08.27-19.03.55:018][460]LogEditorTransaction: Undo Modifier [Delete]
[2018.08.27-19.04.02:453][346]Cmd: TRANSACTION UNDO
[2018.08.27-19.04.02:453][346]LogEditorTransaction: Undo Marquee Select
[2018.08.27-19.04.07:005][888]LogEditorViewport: Clicking Background
[2018.08.27-19.04.11:217][393]LogEditorViewport: Clicking Background
[2018.08.27-19.04.13:689][689]LogSlate: FSceneViewport::OnFocusLost() reason 0
[2018.08.27-19.04.25:167][ 62]LogEditorViewport: Clicking Background
[2018.08.27-19.04.26:263][193]LogEditorViewport: Clicking Background
[2018.08.27-19.04.26:650][239]Cmd: TRANSACTION UNDO
[2018.08.27-19.04.26:650][239]LogEditorTransaction: Undo Clicking Background
[2018.08.27-19.04.27:253][310]LogEditorViewport: Clicking Background
[2018.08.27-19.04.28:215][425]Cmd: TRANSACTION UNDO
[2018.08.27-19.04.28:215][425]LogEditorTransaction: Undo Clicking Background
[2018.08.27-19.04.29:182][541]LogEditorViewport: Clicking Background
[2018.08.27-19.04.34:206][143]LogEditorViewport: Clicking Background
[2018.08.27-19.04.34:535][182]Cmd: TRANSACTION UNDO
[2018.08.27-19.04.34:535][182]LogEditorTransaction: Undo Clicking Background
[2018.08.27-19.04.36:011][357]LogEditorViewport: Clicking on Actor (LMB): Brush (corner)
[2018.08.27-19.04.38:320][631]Cmd: TRANSACTION UNDO
[2018.08.27-19.04.38:320][631]LogEditorTransaction: Undo Clicking on Actors
[2018.08.27-19.04.39:325][751]LogEditorViewport: Clicking Background
[2018.08.27-19.04.39:805][808]LogEditorViewport: Clicking on Actor (LMB): Brush (corner)
[2018.08.27-19.04.42:948][179]Cmd: TRANSACTION UNDO
[2018.08.27-19.04.42:948][179]LogEditorTransaction: Undo Rotate Actors
[2018.08.27-19.04.42:952][179]LogActorComponent: ~FComponentReregisterContext: (/Game/ThirdPersonBP/Maps/ThirdPersonExampleMap.ThirdPersonExampleMap:PersistentLevel.streetSquarBlock3.BrushComponent0) Component already registered.
[2018.08.27-19.04.47:412][703]LogEditorViewport: Clicking Background
[2018.08.27-19.04.48:800][869]Cmd: TRANSACTION UNDO
[2018.08.27-19.04.48:800][869]LogEditorTransaction: Undo Clicking Background
[2018.08.27-19.04.49:351][932]Cmd: TRANSACTION UNDO
[2018.08.27-19.04.49:352][932]LogEditorTransaction: Undo Brush Clip
[2018.08.27-19.04.49:357][932]LogActorComponent: RegisterComponentWithWorld: (/Game/ThirdPersonBP/Maps/ThirdPersonExampleMap.ThirdPersonExampleMap:PersistentLevel.corner_1.BrushComponent0) Trying to register component with IsPendingKill() == true. Aborting.
[2018.08.27-19.04.50:075][ 15]LogEditorViewport: Clicking Background
[2018.08.27-19.04.55:206][630]LogSlate: FSceneViewport::OnFocusLost() reason 0
[2018.08.27-19.05.04:271][714]LogEditorViewport: Clicking Background
[2018.08.27-19.05.04:809][778]LogEditorViewport: Clicking Background
[2018.08.27-19.05.05:162][820]LogEditorViewport: Clicking on Actor (LMB): Brush (corner)
[2018.08.27-19.05.06:044][923]LogSlate: FSceneViewport::OnFocusLost() reason 0
[2018.08.27-19.05.11:454][569]LogEditorViewport: Clicking on Actor (LMB): Brush (corner)
[2018.08.27-19.05.13:344][791]LogSlate: FSceneViewport::OnFocusLost() reason 0
[2018.08.27-19.05.21:637][779]LogEditorViewport: Clicking Background
[2018.08.27-19.05.24:196][ 85]LogEditorViewport: Clicking Background
[2018.08.27-19.05.24:718][147]LogEditorViewport: Clicking on Actor (LMB): Brush (corner)
[2018.08.27-19.05.34:445][308]LogEditorViewport: Clicking Background
[2018.08.27-19.05.35:327][413]LogEditorViewport: Clicking on Actor (LMB): Brush (corner)
[2018.08.27-19.05.38:654][809]LogSlate: FSceneViewport::OnFocusLost() reason 0
[2018.08.27-19.05.51:823][383]LogSlate: FSceneViewport::OnFocusLost() reason 0
[2018.08.27-19.05.58:057][127]LogEditorViewport: Clicking on Actor (LMB): Brush (corner)
[2018.08.27-19.06.02:500][637]LogEditorViewport: Clicking Background
[2018.08.27-19.06.03:990][815]LogEditorViewport: Clicking on Actor (LMB): Brush (corner)
[2018.08.27-19.06.04:944][925]LogEditorViewport: Clicking Background
[2018.08.27-19.06.07:468][227]LogSlate: FSceneViewport::OnFocusLost() reason 0
[2018.08.27-19.06.12:099][782]LogEditorViewport: Clicking Background
[2018.08.27-19.06.14:271][ 42]LogEditorViewport: Clicking on Actor (LMB): Brush (corner)
[2018.08.27-19.07.38:218][ 46]LogEditorViewport: Clicking Background
[2018.08.27-19.07.48:507][279]LogSlate: FSceneViewport::OnFocusLost() reason 2
[2018.08.27-19.07.52:228][714]Cmd: TRANSACTION UNDO
[2018.08.27-19.07.52:228][714]LogEditorTransaction: Undo Move Actors
[2018.08.27-19.07.52:754][770]Cmd: TRANSACTION UNDO
[2018.08.27-19.07.52:754][770]LogEditorTransaction: Undo Select Brush Surface
[2018.08.27-19.07.55:837][124]Cmd: TRANSACTION UNDO
[2018.08.27-19.07.55:837][124]LogEditorTransaction: Undo Move Actors
[2018.08.27-19.07.56:196][158]Cmd: TRANSACTION UNDO
[2018.08.27-19.07.56:196][158]LogEditorTransaction: Undo Move Actors
[2018.08.27-19.07.56:632][204]Cmd: TRANSACTION UNDO
[2018.08.27-19.07.56:632][204]LogEditorTransaction: Undo Move Actors
[2018.08.27-19.08.13:236][191]LogSlate: FSceneViewport::OnFocusLost() reason 0
[2018.08.27-19.08.16:489][200]LogSlate: Window 'Save Content' being destroyed
[2018.08.27-19.08.16:546][200]LogSlate: Window 'MyProject2 - Unreal Editor' being destroyed
[2018.08.27-19.08.16:713][201]Cmd: QUIT_EDITOR
[2018.08.27-19.08.16:737][201]LogWindowsTextInputMethodSystem: Display: IME system now deactivated.
[2018.08.27-19.08.16:746][201]LogExit: Preparing to exit.
[2018.08.27-19.08.17:620][201]LogExit: Editor shut down
[2018.08.27-19.08.17:620][201]LogExit: Transaction tracking system shut down
[2018.08.27-19.08.18:067][201]LogExit: Object subsystem successfully closed.
[2018.08.27-19.08.18:081][201]LogShaderCompilers: Display: Shaders left to compile 0
[2018.08.27-19.08.18:083][201]LogD3D11RHI: Shutdown
[2018.08.27-19.08.18:083][201]LogD3D11RHI: CleanupD3DDevice
[2018.08.27-19.08.18:085][201]LogD3D11RHI: ~FD3D11DynamicRHI
[2018.08.27-19.08.18:103][201]LogModuleManager: Shutting down and abandoning module HierarchicalLODOutliner (610)
[2018.08.27-19.08.18:103][201]LogModuleManager: Shutting down and abandoning module SceneOutliner (608)
[2018.08.27-19.08.18:103][201]LogModuleManager: Shutting down and abandoning module AddContentDialog (606)
[2018.08.27-19.08.18:104][201]LogModuleManager: Shutting down and abandoning module WidgetCarousel (605)
[2018.08.27-19.08.18:104][201]LogModuleManager: Shutting down and abandoning module EditorWidgets (602)
[2018.08.27-19.08.18:104][201]LogModuleManager: Shutting down and abandoning module CollectionManager (600)
[2018.08.27-19.08.18:104][201]LogModuleManager: Shutting down and abandoning module StatsViewer (598)
[2018.08.27-19.08.18:104][201]LogModuleManager: Shutting down and abandoning module FoliageEdit (596)
[2018.08.27-19.08.18:104][201]LogModuleManager: Shutting down and abandoning module LandscapeEditor (594)
[2018.08.27-19.08.18:104][201]LogModuleManager: Shutting down and abandoning module MeshPaintMode (592)
[2018.08.27-19.08.18:104][201]LogModuleManager: Shutting down and abandoning module SceneDepthPickerMode (590)
[2018.08.27-19.08.18:104][201]LogModuleManager: Shutting down and abandoning module ActorPickerMode (588)
[2018.08.27-19.08.18:104][201]LogModuleManager: Shutting down and abandoning module GeometryMode (586)
[2018.08.27-19.08.18:104][201]LogModuleManager: Shutting down and abandoning module TextureAlignMode (584)
[2018.08.27-19.08.18:104][201]LogModuleManager: Shutting down and abandoning module BspMode (582)
[2018.08.27-19.08.18:104][201]LogModuleManager: Shutting down and abandoning module PIEPreviewDeviceProfileSelector (580)
[2018.08.27-19.08.18:104][201]LogModuleManager: Shutting down and abandoning module SequenceRecorderSections (578)
[2018.08.27-19.08.18:104][201]LogModuleManager: Shutting down and abandoning module AutomationWorker (576)
[2018.08.27-19.08.18:104][201]LogModuleManager: Shutting down and abandoning module AudioCaptureEditor (574)
[2018.08.27-19.08.18:104][201]LogModuleManager: Shutting down and abandoning module SequenceRecorder (573)
[2018.08.27-19.08.18:104][201]LogModuleManager: Shutting down and abandoning module MatineeToLevelSequence (570)
[2018.08.27-19.08.18:104][201]LogModuleManager: Shutting down and abandoning module LevelSequenceEditor (568)
[2018.08.27-19.08.18:105][201]LogModuleManager: Shutting down and abandoning module PlacementMode (567)
[2018.08.27-19.08.18:105][201]LogModuleManager: Shutting down and abandoning module MaterialEditor (566)
[2018.08.27-19.08.18:105][201]LogModuleManager: Shutting down and abandoning module WmfMediaFactory (562)
[2018.08.27-19.08.18:105][201]LogModuleManager: Shutting down and abandoning module WmfMediaEditor (560)
[2018.08.27-19.08.18:105][201]LogModuleManager: Shutting down and abandoning module MediaPlayerEditor (558)
[2018.08.27-19.08.18:105][201]LogModuleManager: Shutting down and abandoning module OpenExrWrapper (556)
[2018.08.27-19.08.18:105][201]LogModuleManager: Shutting down and abandoning module ImgMediaFactory (554)
[2018.08.27-19.08.18:105][201]LogModuleManager: Shutting down and abandoning module ImgMediaEditor (552)
[2018.08.27-19.08.18:105][201]LogModuleManager: Shutting down and abandoning module AvfMediaFactory (550)
[2018.08.27-19.08.18:105][201]LogModuleManager: Shutting down and abandoning module AvfMediaEditor (548)
[2018.08.27-19.08.18:105][201]LogModuleManager: Shutting down and abandoning module AndroidMediaFactory (546)
[2018.08.27-19.08.18:105][201]LogModuleManager: Shutting down and abandoning module AndroidMediaEditor (544)
[2018.08.27-19.08.18:105][201]LogModuleManager: Shutting down and abandoning module MagicLeapCameraPreviewFactory (542)
[2018.08.27-19.08.18:105][201]LogModuleManager: Shutting down and abandoning module MagicLeapMediaFactory (540)
[2018.08.27-19.08.18:105][201]LogModuleManager: Shutting down and abandoning module MagicLeapMediaEditor (538)
[2018.08.27-19.08.18:105][201]LogModuleManager: Shutting down and abandoning module CharacterAI (536)
[2018.08.27-19.08.18:105][201]LogModuleManager: Shutting down and abandoning module SmartSnapping (534)
[2018.08.27-19.08.18:105][201]LogModuleManager: Shutting down and abandoning module SessionServices (532)
[2018.08.27-19.08.18:105][201]LogModuleManager: Shutting down and abandoning module ViewportSnapping (530)
[2018.08.27-19.08.18:105][201]LogModuleManager: Shutting down and abandoning module ViewportInteraction (528)
[2018.08.27-19.08.18:105][201]LogModuleManager: Shutting down and abandoning module ClothPainter (526)
[2018.08.27-19.08.18:105][201]LogModuleManager: Shutting down and abandoning module SkeletalMeshEditor (525)
[2018.08.27-19.08.18:105][201]LogModuleManager: Shutting down and abandoning module LogVisualizer (522)
[2018.08.27-19.08.18:105][201]LogModuleManager: Shutting down and abandoning module IntroTutorials (520)
[2018.08.27-19.08.18:105][201]LogModuleManager: Shutting down and abandoning module GameProjectGeneration (519)
[2018.08.27-19.08.18:105][201]LogModuleManager: Shutting down and abandoning module LuminPlatformEditor (516)
[2018.08.27-19.08.18:105][201]LogModuleManager: Shutting down and abandoning module IOSPlatformEditor (514)
[2018.08.27-19.08.18:105][201]LogModuleManager: Shutting down and abandoning module HTML5PlatformEditor (512)
[2018.08.27-19.08.18:105][201]LogModuleManager: Shutting down and abandoning module AndroidPlatformEditor (510)
[2018.08.27-19.08.18:105][201]LogModuleManager: Shutting down and abandoning module AndroidDeviceDetection (509)
[2018.08.27-19.08.18:506][201]LogModuleManager: Shutting down and abandoning module WindowsPlatformEditor (506)
[2018.08.27-19.08.18:506][201]LogModuleManager: Shutting down and abandoning module LuminRuntimeSettings (504)
[2018.08.27-19.08.18:506][201]LogModuleManager: Shutting down and abandoning module IOSRuntimeSettings (502)
[2018.08.27-19.08.18:506][201]LogModuleManager: Shutting down and abandoning module AndroidRuntimeSettings (500)
[2018.08.27-19.08.18:506][201]LogModuleManager: Shutting down and abandoning module InputBindingEditor (498)
[2018.08.27-19.08.18:507][201]LogModuleManager: Shutting down and abandoning module MergeActors (496)
[2018.08.27-19.08.18:507][201]LogModuleManager: Shutting down and abandoning module LocalizationDashboard (494)
[2018.08.27-19.08.18:507][201]LogModuleManager: Shutting down and abandoning module LocalizationService (493)
[2018.08.27-19.08.18:507][201]LogModuleManager: Shutting down and abandoning module HardwareTargeting (490)
[2018.08.27-19.08.18:507][201]LogModuleManager: Shutting down and abandoning module DeviceProfileEditor (488)
[2018.08.27-19.08.18:507][201]LogModuleManager: Shutting down and abandoning module UndoHistory (486)
[2018.08.27-19.08.18:507][201]LogModuleManager: Shutting down and abandoning module XmlParser (484)
[2018.08.27-19.08.18:507][201]LogModuleManager: Shutting down and abandoning module Blutility (482)
[2018.08.27-19.08.18:507][201]LogModuleManager: Shutting down and abandoning module ProjectSettingsViewer (480)
[2018.08.27-19.08.18:507][201]LogModuleManager: Shutting down and abandoning module ProjectTargetPlatformEditor (479)
[2018.08.27-19.08.18:507][201]LogModuleManager: Shutting down and abandoning module EditorSettingsViewer (476)
[2018.08.27-19.08.18:507][201]LogModuleManager: Shutting down and abandoning module SettingsEditor (474)
[2018.08.27-19.08.18:507][201]LogModuleManager: Shutting down and abandoning module ProjectLauncher (472)
[2018.08.27-19.08.18:507][201]LogModuleManager: Shutting down and abandoning module SessionFrontend (470)
[2018.08.27-19.08.18:507][201]LogModuleManager: Shutting down and abandoning module ProfilerClient (468)
[2018.08.27-19.08.18:507][201]LogModuleManager: Shutting down and abandoning module DeviceManager (466)
[2018.08.27-19.08.18:507][201]LogModuleManager: Shutting down and abandoning module TargetDeviceServices (465)
[2018.08.27-19.08.18:571][201]LogModuleManager: Shutting down and abandoning module AutomationController (462)
[2018.08.27-19.08.18:571][201]LogModuleManager: Shutting down and abandoning module AutomationWindow (460)
[2018.08.27-19.08.18:571][201]LogModuleManager: Shutting down and abandoning module Layers (458)
[2018.08.27-19.08.18:571][201]LogModuleManager: Shutting down and abandoning module ComponentVisualizers (456)
[2018.08.27-19.08.18:571][201]LogModuleManager: Shutting down and abandoning module DetailCustomizations (454)
[2018.08.27-19.08.18:571][201]LogModuleManager: Shutting down and abandoning module PackagesDialog (452)
[2018.08.27-19.08.18:571][201]LogModuleManager: Shutting down and abandoning module Persona (450)
[2018.08.27-19.08.18:571][201]LogModuleManager: Shutting down and abandoning module AdvancedPreviewScene (449)
[2018.08.27-19.08.18:571][201]LogModuleManager: Shutting down and abandoning module AnimGraph (447)
[2018.08.27-19.08.18:571][201]LogModuleManager: Shutting down and abandoning module Kismet (444)
[2018.08.27-19.08.18:571][201]LogModuleManager: Shutting down and abandoning module GraphEditor (442)
[2018.08.27-19.08.18:571][201]LogModuleManager: Shutting down and abandoning module ClassViewer (440)
[2018.08.27-19.08.18:571][201]LogModuleManager: Shutting down and abandoning module Toolbox (438)
[2018.08.27-19.08.18:571][201]LogModuleManager: Shutting down and abandoning module ModuleUI (436)
[2018.08.27-19.08.18:571][201]LogModuleManager: Shutting down and abandoning module MovieSceneTools (434)
[2018.08.27-19.08.18:571][201]LogModuleManager: Shutting down and abandoning module OutputLog (432)
[2018.08.27-19.08.18:571][201]LogModuleManager: Shutting down and abandoning module GammaUI (430)
[2018.08.27-19.08.18:571][201]LogModuleManager: Shutting down and abandoning module Documentation (428)
[2018.08.27-19.08.18:571][201]LogModuleManager: Shutting down and abandoning module MovieSceneTracks (426)
[2018.08.27-19.08.18:571][201]LogModuleManager: Shutting down and abandoning module MovieScene (424)
[2018.08.27-19.08.18:571][201]LogModuleManager: Shutting down and abandoning module StreamingPauseRendering (422)
[2018.08.27-19.08.18:571][201]LogModuleManager: Shutting down and abandoning module LauncherPlatform (420)
[2018.08.27-19.08.18:571][201]LogModuleManager: Shutting down and abandoning module AnalyticsET (418)
[2018.08.27-19.08.18:571][201]LogModuleManager: Shutting down and abandoning module PortalServices (416)
[2018.08.27-19.08.18:571][201]LogModuleManager: Shutting down and abandoning module PortalRpc (414)
[2018.08.27-19.08.18:571][201]LogModuleManager: Shutting down and abandoning module MessagingRpc (412)
[2018.08.27-19.08.18:571][201]LogModuleManager: Shutting down and abandoning module AIModule (410)
[2018.08.27-19.08.18:571][201]LogModuleManager: Shutting down and abandoning module GameplayDebugger (409)
[2018.08.27-19.08.18:571][201]LogModuleManager: Shutting down and abandoning module AITestSuite (407)
[2018.08.27-19.08.18:571][201]LogModuleManager: Shutting down and abandoning module NavigationSystem (405)
[2018.08.27-19.08.18:571][201]LogModuleManager: Shutting down and abandoning module DesktopPlatform (402)
[2018.08.27-19.08.18:571][201]LogModuleManager: Shutting down and abandoning module ProfilerService (400)
[2018.08.27-19.08.18:800][201]LogModuleManager: Shutting down and abandoning module TaskGraph (398)
[2018.08.27-19.08.18:800][201]LogModuleManager: Shutting down and abandoning module SteamVRController (396)
[2018.08.27-19.08.18:800][201]LogModuleManager: Shutting down and abandoning module ProceduralMeshComponentEditor (394)
[2018.08.27-19.08.18:800][201]LogModuleManager: Shutting down and abandoning module ProceduralMeshComponent (392)
[2018.08.27-19.08.18:800][201]LogModuleManager: Shutting down and abandoning module OculusInput (390)
[2018.08.27-19.08.18:800][201]LogModuleManager: Shutting down and abandoning module MobilePatchingUtils (388)
[2018.08.27-19.08.18:800][201]LogModuleManager: Shutting down and abandoning module EditableMesh (386)
[2018.08.27-19.08.18:800][201]LogModuleManager: Shutting down and abandoning module CustomMeshComponent (384)
[2018.08.27-19.08.18:800][201]LogModuleManager: Shutting down and abandoning module CableComponent (382)
[2018.08.27-19.08.18:800][201]LogModuleManager: Shutting down and abandoning module AudioCapture (380)
[2018.08.27-19.08.18:800][201]LogModuleManager: Shutting down and abandoning module ArchVisCharacter (378)
[2018.08.27-19.08.18:800][201]LogModuleManager: Shutting down and abandoning module AndroidPermission (376)
[2018.08.27-19.08.18:800][201]LogModuleManager: Shutting down and abandoning module NUTUnrealEngine4 (374)
[2018.08.27-19.08.18:800][201]LogModuleManager: Shutting down and abandoning module NetcodeUnitTest (372)
[2018.08.27-19.08.18:800][201]LogModuleManager: Shutting down and abandoning module MediaCompositingEditor (370)
[2018.08.27-19.08.18:800][201]LogModuleManager: Shutting down and abandoning module MediaCompositing (368)
[2018.08.27-19.08.18:800][201]LogModuleManager: Shutting down and abandoning module LinearTimecode (366)
[2018.08.27-19.08.18:800][201]LogModuleManager: Shutting down and abandoning module ImgMedia (364)
[2018.08.27-19.08.18:803][201]LogModuleManager: Shutting down and abandoning module HTML5Networking (362)
[2018.08.27-19.08.18:803][201]LogModuleManager: Shutting down and abandoning module GeometryCacheTracks (360)
[2018.08.27-19.08.18:803][201]LogModuleManager: Shutting down and abandoning module GeometryCacheSequencer (358)
[2018.08.27-19.08.18:803][201]LogModuleManager: Shutting down and abandoning module BackChannel (356)
[2018.08.27-19.08.18:803][201]LogModuleManager: Shutting down and abandoning module AppleVision (354)
[2018.08.27-19.08.18:803][201]LogModuleManager: Shutting down and abandoning module AppleImageUtils (352)
[2018.08.27-19.08.18:803][201]LogModuleManager: Shutting down and abandoning module AlembicImporter (350)
[2018.08.27-19.08.18:803][201]LogModuleManager: Shutting down and abandoning module AlembicLibrary (349)
[2018.08.27-19.08.18:803][201]LogModuleManager: Shutting down and abandoning module GeometryCache (348)
[2018.08.27-19.08.18:803][201]LogModuleManager: Shutting down and abandoning module GeometryCacheEd (347)
[2018.08.27-19.08.18:803][201]LogModuleManager: Shutting down and abandoning module DatasmithContentEditor (342)
[2018.08.27-19.08.18:803][201]LogModuleManager: Shutting down and abandoning module DatasmithContent (340)
[2018.08.27-19.08.18:804][201]LogModuleManager: Shutting down and abandoning module SpeedTreeImporter (338)
[2018.08.27-19.08.18:804][201]LogModuleManager: Shutting down and abandoning module PluginBrowser (336)
[2018.08.27-19.08.18:804][201]LogModuleManager: Shutting down and abandoning module MobileLauncherProfileWizard (334)
[2018.08.27-19.08.18:804][201]LogModuleManager: Shutting down and abandoning module PolygonModeling (332)
[2018.08.27-19.08.18:804][201]LogModuleManager: Shutting down and abandoning module MeshEditor (330)
[2018.08.27-19.08.18:804][201]LogModuleManager: Shutting down and abandoning module CryptoKeysOpenSSL (328)
[2018.08.27-19.08.18:804][201]LogModuleManager: Shutting down and abandoning module CryptoKeys (326)
[2018.08.27-19.08.18:804][201]LogModuleManager: Shutting down and abandoning module VisualStudioSourceCodeAccess (324)
[2018.08.27-19.08.18:804][201]LogModuleManager: Shutting down and abandoning module VisualStudioCodeSourceCodeAccess (322)
[2018.08.27-19.08.18:804][201]LogModuleManager: Shutting down and abandoning module UObjectPlugin (320)
[2018.08.27-19.08.18:804][201]LogModuleManager: Shutting down and abandoning module SubversionSourceControl (318)
[2018.08.27-19.08.18:804][201]LogModuleManager: Shutting down and abandoning module PerforceSourceControl (316)
[2018.08.27-19.08.18:804][201]LogModuleManager: Shutting down and abandoning module GitSourceControl (314)
[2018.08.27-19.08.18:804][201]LogModuleManager: Shutting down and abandoning module SourceControl (313)
[2018.08.27-19.08.18:804][201]LogModuleManager: Shutting down and abandoning module CLionSourceCodeAccess (310)
[2018.08.27-19.08.18:804][201]LogModuleManager: Shutting down and abandoning module LightPropagationVolumeEditor (308)
[2018.08.27-19.08.18:804][201]LogModuleManager: Shutting down and abandoning module PaperTiledImporter (306)
[2018.08.27-19.08.18:804][201]LogModuleManager: Shutting down and abandoning module PaperSpriteSheetImporter (304)
[2018.08.27-19.08.18:804][201]LogModuleManager: Shutting down and abandoning module Paper2DEditor (302)
[2018.08.27-19.08.18:804][201]LogModuleManager: Shutting down and abandoning module MeshPaint (301)
[2018.08.27-19.08.18:804][201]LogModuleManager: Shutting down and abandoning module RuntimePhysXCooking (298)
[2018.08.27-19.08.18:804][201]LogModuleManager: Shutting down and abandoning module PhysXVehiclesEditor (296)
[2018.08.27-19.08.18:804][201]LogModuleManager: Shutting down and abandoning module PhysXVehicles (294)
[2018.08.27-19.08.18:804][201]LogModuleManager: Shutting down and abandoning module OculusEditor (292)
[2018.08.27-19.08.18:804][201]LogModuleManager: Shutting down and abandoning module LocationServicesBPLibrary (290)
[2018.08.27-19.08.18:804][201]LogModuleManager: Shutting down and abandoning module ImmediatePhysicsEditor (288)
[2018.08.27-19.08.18:804][201]LogModuleManager: Shutting down and abandoning module ImmediatePhysics (286)
[2018.08.27-19.08.18:804][201]LogModuleManager: Shutting down and abandoning module ActorSequence (284)
[2018.08.27-19.08.18:804][201]LogModuleManager: Shutting down and abandoning module UdpMessaging (282)
[2018.08.27-19.08.18:905][201]LogModuleManager: Shutting down and abandoning module TcpMessaging (280)
[2018.08.27-19.08.19:005][201]LogModuleManager: Shutting down and abandoning module MagicLeapAudio (278)
[2018.08.27-19.08.19:005][201]LogModuleManager: Shutting down and abandoning module GameplayTagsEditor (276)
[2018.08.27-19.08.19:005][201]LogModuleManager: Shutting down and abandoning module FacialAnimationEditor (274)
[2018.08.27-19.08.19:005][201]LogModuleManager: Shutting down and abandoning module FacialAnimation (272)
[2018.08.27-19.08.19:005][201]LogModuleManager: Shutting down and abandoning module DataValidation (270)
[2018.08.27-19.08.19:005][201]LogModuleManager: Shutting down and abandoning module AssetManagerEditor (268)
[2018.08.27-19.08.19:005][201]LogModuleManager: Shutting down and abandoning module LevelEditor (267)
[2018.08.27-19.08.19:006][201]LogModuleManager: Shutting down and abandoning module PixelInspectorModule (266)
[2018.08.27-19.08.19:006][201]LogModuleManager: Shutting down and abandoning module CommonMenuExtensions (264)
[2018.08.27-19.08.19:006][201]LogModuleManager: Shutting down and abandoning module MainFrame (262)
[2018.08.27-19.08.19:006][201]LogModuleManager: Shutting down and abandoning module HotReload (261)
[2018.08.27-19.08.19:006][201]LogModuleManager: Shutting down and abandoning module ContentBrowser (257)
[2018.08.27-19.08.19:007][201]LogModuleManager: Shutting down and abandoning module TreeMap (255)
[2018.08.27-19.08.19:007][201]LogModuleManager: Shutting down and abandoning module LightPropagationVolumeRuntime (252)
[2018.08.27-19.08.19:007][201]LogModuleManager: Shutting down and abandoning module AISupportModule (250)
[2018.08.27-19.08.19:007][201]LogModuleManager: Shutting down and abandoning module Paper2D (248)
[2018.08.27-19.08.19:007][201]LogModuleManager: Shutting down and abandoning module WindowsMoviePlayer (246)
[2018.08.27-19.08.19:007][201]LogModuleManager: Shutting down and abandoning module WmfMedia (244)
[2018.08.27-19.08.19:009][201]LogModuleManager: Shutting down and abandoning module Media (243)
[2018.08.27-19.08.19:015][201]LogModuleManager: Shutting down and abandoning module PacketHandler (240)
[2018.08.27-19.08.19:015][201]LogModuleManager: Shutting down and abandoning module ClothingSystemEditor (238)
[2018.08.27-19.08.19:015][201]LogModuleManager: Shutting down and abandoning module ClothingSystemRuntime (236)
[2018.08.27-19.08.19:015][201]LogModuleManager: Shutting down and abandoning module MediaAssets (234)
[2018.08.27-19.08.19:015][201]LogModuleManager: Shutting down and abandoning module Overlay (232)
[2018.08.27-19.08.19:015][201]LogModuleManager: Shutting down and abandoning module OverlayEditor (231)
[2018.08.27-19.08.19:015][201]LogModuleManager: Shutting down and abandoning module VREditor (228)
[2018.08.27-19.08.19:015][201]LogModuleManager: Shutting down and abandoning module StringTableEditor (226)
[2018.08.27-19.08.19:015][201]LogModuleManager: Shutting down and abandoning module GameplayTasksEditor (224)
[2018.08.27-19.08.19:015][201]LogModuleManager: Shutting down and abandoning module BehaviorTreeEditor (222)
[2018.08.27-19.08.19:015][201]LogModuleManager: Shutting down and abandoning module FunctionalTesting (220)
[2018.08.27-19.08.19:015][201]LogModuleManager: Shutting down and abandoning module CollisionAnalyzer (218)
[2018.08.27-19.08.19:015][201]LogModuleManager: Shutting down and abandoning module WorkspaceMenuStructure (217)
[2018.08.27-19.08.19:016][201]LogModuleManager: Shutting down and abandoning module UMG (214)
[2018.08.27-19.08.19:016][201]LogModuleManager: Shutting down and abandoning module UMGEditor (213)
[2018.08.27-19.08.19:016][201]LogModuleManager: Shutting down and abandoning module Sequencer (212)
[2018.08.27-19.08.19:016][201]LogModuleManager: Shutting down and abandoning module MessageLog (209)
[2018.08.27-19.08.19:016][201]LogModuleManager: Shutting down and abandoning module SlateReflector (204)
[2018.08.27-19.08.19:016][201]LogModuleManager: Shutting down and abandoning module Slate (202)
[2018.08.27-19.08.19:016][201]LogModuleManager: Shutting down and abandoning module EditorStyle (200)
[2018.08.27-19.08.19:017][201]LogModuleManager: Shutting down and abandoning module MRMesh (198)
[2018.08.27-19.08.19:017][201]LogModuleManager: Shutting down and abandoning module SourceCodeAccess (196)
[2018.08.27-19.08.19:017][201]LogModuleManager: Shutting down and abandoning module HeadMountedDisplay (194)
[2018.08.27-19.08.19:017][201]LogModuleManager: Shutting down and abandoning module XAudio2 (192)
[2018.08.27-19.08.19:017][201]LogModuleManager: Shutting down and abandoning module Networking (190)
[2018.08.27-19.08.19:017][201]LogModuleManager: Shutting down and abandoning module Core (188)
[2018.08.27-19.08.19:017][201]LogModuleManager: Shutting down and abandoning module LevelSequence (186)
[2018.08.27-19.08.19:017][201]LogModuleManager: Shutting down and abandoning module KismetCompiler (184)
[2018.08.27-19.08.19:017][201]LogModuleManager: Shutting down and abandoning module MeshUtilities (182)
[2018.08.27-19.08.19:017][201]LogModuleManager: Shutting down and abandoning module MeshMergeUtilities (181)
[2018.08.27-19.08.19:017][201]LogModuleManager: Shutting down and abandoning module MeshReductionInterface (180)
[2018.08.27-19.08.19:017][201]LogModuleManager: Shutting down and abandoning module SimplygonSwarm (179)
[2018.08.27-19.08.19:017][201]LogModuleManager: Shutting down and abandoning module ProxyLODMeshReduction (177)
[2018.08.27-19.08.19:017][201]LogModuleManager: Shutting down and abandoning module SimplygonMeshReduction (175)
[2018.08.27-19.08.19:017][201]LogModuleManager: Shutting down and abandoning module QuadricMeshReduction (173)
[2018.08.27-19.08.19:017][201]LogModuleManager: Shutting down and abandoning module MaterialBaking (169)
[2018.08.27-19.08.19:017][201]LogModuleManager: Shutting down and abandoning module DirectoryWatcher (165)
[2018.08.27-19.08.19:017][201]LogModuleManager: Shutting down and abandoning module DerivedDataCache (162)
[2018.08.27-19.08.19:073][201]LogDerivedDataCache: Shutdown
[2018.08.27-19.08.19:073][201]LogModuleManager: Shutting down and abandoning module XGEController (160)
[2018.08.27-19.08.19:073][201]LogXGEController: Cleaning working directory: C:/Users/u1020459/AppData/Local/Temp/UnrealXGEWorkingDir/
[2018.08.27-19.08.19:074][201]LogModuleManager: Shutting down and abandoning module TargetPlatform (158)
[2018.08.27-19.08.19:074][201]LogModuleManager: Shutting down and abandoning module VulkanShaderFormat (157)
[2018.08.27-19.08.19:074][201]LogModuleManager: Shutting down and abandoning module ShaderFormatVectorVM (155)
[2018.08.27-19.08.19:074][201]LogModuleManager: Shutting down and abandoning module ShaderFormatOpenGL (153)
[2018.08.27-19.08.19:074][201]LogModuleManager: Shutting down and abandoning module ShaderFormatD3D (151)
[2018.08.27-19.08.19:074][201]LogModuleManager: Shutting down and abandoning module MetalShaderFormat (149)
[2018.08.27-19.08.19:074][201]LogModuleManager: Shutting down and abandoning module TextureFormatUncompressed (147)
[2018.08.27-19.08.19:074][201]LogModuleManager: Shutting down and abandoning module TextureFormatPVR (145)
[2018.08.27-19.08.19:074][201]LogModuleManager: Shutting down and abandoning module TextureFormatDXT (143)
[2018.08.27-19.08.19:074][201]LogModuleManager: Shutting down and abandoning module TextureFormatIntelISPCTexComp (141)
[2018.08.27-19.08.19:074][201]LogModuleManager: Shutting down and abandoning module TextureFormatASTC (139)
[2018.08.27-19.08.19:074][201]LogModuleManager: Shutting down and abandoning module ImageWrapper (138)
[2018.08.27-19.08.19:074][201]LogModuleManager: Shutting down and abandoning module TextureFormatAndroid (135)
[2018.08.27-19.08.19:074][201]LogModuleManager: Shutting down and abandoning module AudioFormatOpus (133)
[2018.08.27-19.08.19:074][201]LogModuleManager: Shutting down and abandoning module AudioFormatOgg (131)
[2018.08.27-19.08.19:074][201]LogModuleManager: Shutting down and abandoning module AudioFormatADPCM (129)
[2018.08.27-19.08.19:074][201]LogModuleManager: Shutting down and abandoning module LuminTargetPlatform (127)
[2018.08.27-19.08.19:074][201]LogModuleManager: Shutting down and abandoning module LinuxTargetPlatform (125)
[2018.08.27-19.08.19:074][201]LogModuleManager: Shutting down and abandoning module LinuxServerTargetPlatform (123)
[2018.08.27-19.08.19:074][201]LogModuleManager: Shutting down and abandoning module LinuxNoEditorTargetPlatform (121)
[2018.08.27-19.08.19:074][201]LogModuleManager: Shutting down and abandoning module LinuxClientTargetPlatform (119)
[2018.08.27-19.08.19:074][201]LogModuleManager: Shutting down and abandoning module TVOSTargetPlatform (117)
[2018.08.27-19.08.19:075][201]LogModuleManager: Shutting down and abandoning module Messaging (115)
[2018.08.27-19.08.19:075][201]LogModuleManager: Shutting down and abandoning module IOSTargetPlatform (113)
[2018.08.27-19.08.19:075][201]LogModuleManager: Shutting down and abandoning module HTML5TargetPlatform (111)
[2018.08.27-19.08.19:075][201]LogModuleManager: Shutting down and abandoning module AndroidTargetPlatform (109)
[2018.08.27-19.08.19:080][201]LogModuleManager: Shutting down and abandoning module WindowsTargetPlatform (107)
[2018.08.27-19.08.19:080][201]LogModuleManager: Shutting down and abandoning module WindowsServerTargetPlatform (105)
[2018.08.27-19.08.19:080][201]LogModuleManager: Shutting down and abandoning module WindowsNoEditorTargetPlatform (103)
[2018.08.27-19.08.19:080][201]LogModuleManager: Shutting down and abandoning module WindowsClientTargetPlatform (101)
[2018.08.27-19.08.19:080][201]LogModuleManager: Shutting down and abandoning module MacTargetPlatform (99)
[2018.08.27-19.08.19:080][201]LogModuleManager: Shutting down and abandoning module MacServerTargetPlatform (97)
[2018.08.27-19.08.19:080][201]LogModuleManager: Shutting down and abandoning module MacNoEditorTargetPlatform (95)
[2018.08.27-19.08.19:080][201]LogModuleManager: Shutting down and abandoning module MacClientTargetPlatform (93)
[2018.08.27-19.08.19:080][201]LogModuleManager: Shutting down and abandoning module AllDesktopTargetPlatform (91)
[2018.08.27-19.08.19:080][201]LogModuleManager: Shutting down and abandoning module InputCore (88)
[2018.08.27-19.08.19:080][201]LogModuleManager: Shutting down and abandoning module Settings (86)
[2018.08.27-19.08.19:080][201]LogModuleManager: Shutting down and abandoning module PhysXCooking (84)
[2018.08.27-19.08.19:080][201]LogModuleManager: Shutting down and abandoning module SteamVR (82)
[2018.08.27-19.08.19:080][201]LogModuleManager: Shutting down and abandoning module OculusHMD (80)
[2018.08.27-19.08.19:080][201]LogModuleManager: Shutting down and abandoning module ExampleDeviceProfileSelector (78)
[2018.08.27-19.08.19:080][201]LogModuleManager: Shutting down and abandoning module LauncherChunkInstaller (76)
[2018.08.27-19.08.19:080][201]LogModuleManager: Shutting down and abandoning module OnlineBlueprintSupport (74)
[2018.08.27-19.08.19:080][201]LogModuleManager: Shutting down and abandoning module OnlineSubsystem (70)
[2018.08.27-19.08.19:081][201]LogModuleManager: Shutting down and abandoning module XMPP (65)
[2018.08.27-19.08.19:081][201]LogModuleManager: Shutting down and abandoning module WebSockets (64)
[2018.08.27-19.08.19:114][201]LogModuleManager: Shutting down and abandoning module HTTP (61)
[2018.08.27-19.08.19:115][201]LogHttp: Display: Http module shutting down, but needs to wait on 1 outstanding Http requests:
[2018.08.27-19.08.19:115][201]LogHttp: Display: 	verb=[POST] url=[https://datarouter.ol.epicgames.com/datarouter/api/v1/public/data?SessionID=%7B0870F6BC-4C61-F79C-DF45-3A9961871AEF%7D&AppID=UEEditor.Rocket.Release&AppVersion=4.20.2-4212847%2B%2B%2BUE4%2BRelease-4.20&UserID=6426e96040315444ca8582883bf0b984%7Cf87460130fb94d3d861ea51efad15a4c%7C780c3427-c555-4217-9f7d-feeee12fbce9&AppEnvironment=datacollector-binary&UploadType=eteventstream] status=Processing
[2018.08.27-19.08.19:144][201]LogModuleManager: Shutting down and abandoning module SSL (60)
[2018.08.27-19.08.19:145][201]LogModuleManager: Shutting down and abandoning module MagicLeapEmulator (56)
[2018.08.27-19.08.19:145][201]LogModuleManager: Shutting down and abandoning module MagicLeapPrivileges (54)
[2018.08.27-19.08.19:145][201]LogModuleManager: Shutting down and abandoning module MagicLeapIdentity (52)
[2018.08.27-19.08.19:145][201]LogModuleManager: Shutting down and abandoning module MagicLeapHelperVulkan (50)
[2018.08.27-19.08.19:145][201]LogModuleManager: Shutting down and abandoning module MagicLeapHelperOpenGL (48)
[2018.08.27-19.08.19:145][201]LogModuleManager: Shutting down and abandoning module MagicLeapSecureStorage (46)
[2018.08.27-19.08.19:145][201]LogModuleManager: Shutting down and abandoning module MagicLeapGestures (44)
[2018.08.27-19.08.19:145][201]LogModuleManager: Shutting down and abandoning module MagicLeapEyeTracker (42)
[2018.08.27-19.08.19:145][201]LogModuleManager: Shutting down and abandoning module MagicLeapController (40)
[2018.08.27-19.08.19:145][201]LogSlate: Slate User Destroyed.  User Index 0, Is Virtual User: 0
[2018.08.27-19.08.19:145][201]LogModuleManager: Shutting down and abandoning module MagicLeap (38)
[2018.08.27-19.08.19:145][201]LogModuleManager: Shutting down and abandoning module AnimationModifiers (36)
[2018.08.27-19.08.19:145][201]LogModuleManager: Shutting down and abandoning module PropertyEditor (35)
[2018.08.27-19.08.19:145][201]LogModuleManager: Shutting down and abandoning module AudioEditor (32)
[2018.08.27-19.08.19:145][201]LogModuleManager: Shutting down and abandoning module TextureCompressor (30)
[2018.08.27-19.08.19:145][201]LogModuleManager: Shutting down and abandoning module ShaderCore (28)
[2018.08.27-19.08.19:145][201]LogModuleManager: Shutting down and abandoning module Landscape (26)
[2018.08.27-19.08.19:145][201]LogModuleManager: Shutting down and abandoning module SlateRHIRenderer (24)
[2018.08.27-19.08.19:145][201]LogModuleManager: Shutting down and abandoning module OpenGLDrv (22)
[2018.08.27-19.08.19:145][201]LogModuleManager: Shutting down and abandoning module D3D11RHI (20)
[2018.08.27-19.08.19:145][201]LogModuleManager: Shutting down and abandoning module AnimGraphRuntime (18)
[2018.08.27-19.08.19:145][201]LogModuleManager: Shutting down and abandoning module Renderer (16)
[2018.08.27-19.08.19:145][201]LogModuleManager: Shutting down and abandoning module Engine (14)
[2018.08.27-19.08.19:146][201]LogModuleManager: Shutting down and abandoning module CoreUObject (12)
[2018.08.27-19.08.19:146][201]LogModuleManager: Shutting down and abandoning module NetworkFile (10)
[2018.08.27-19.08.19:146][201]LogModuleManager: Shutting down and abandoning module CookedIterativeFile (8)
[2018.08.27-19.08.19:146][201]LogModuleManager: Shutting down and abandoning module StreamingFile (6)
[2018.08.27-19.08.19:146][201]LogModuleManager: Shutting down and abandoning module SandboxFile (4)
[2018.08.27-19.08.19:146][201]LogModuleManager: Shutting down and abandoning module PakFile (2)
[2018.08.27-19.08.19:152][201]LogExit: Exiting.
[2018.08.27-19.08.19:156][201]Log file closed, 08/27/18 13:08:19
